make[1]: Entering directory '/home/oscar/CSCI 4061/PA2'
./master input/ip4 they
Child process: 856 received path: input/ip4/Folder2
Child process: 855 received path: input/ip4/folder4
Child process: 857 received path: input/ip4/folder1
Child process: 859 received path: input/ip4/folder5
Child process: 861 received path: input/ip4/folder6
Child process: 860 received path: input/ip4/folder7
Child process: 858 received path: input/ip4/folder3
THIS FILE (folder4) IS A DIRECTORY.
THIS FILE (Folder2) IS A DIRECTORY.
THIS FILE (folder1) IS A DIRECTORY.
THIS FILE (folder3) IS A DIRECTORY.
THIS FILE (folder5) IS A DIRECTORY.
THIS FILE (LegendsNeverDie.txt) IS A REGULAR FILE.
THIS FILE (folder7) IS A DIRECTORY.
THIS FILE (VivaLaVida.txt) IS A REGULAR FILE.
THIS FILE (folder6) IS A DIRECTORY.
Child processes: 7
make[1]: Leaving directory '/home/oscar/CSCI 4061/PA2'
